<?xml version="1.0" encoding="UTF-8"?>
<!-- Generated by org.testng.reporters.JUnitReportReporter -->
<testsuite hostname="DESKTOP-VUINLSE" failures="0" tests="1" name="com.edureka.testPackage.TestCaseClass" time="0.019" errors="0" timestamp="2021-02-03T14:28:49 PST" skipped="0">
  <testcase classname="com.edureka.testPackage.TestCaseClass" name="returnTicket" time="0.019"/>
  <system-out/>
</testsuite> <!-- com.edureka.testPackage.TestCaseClass -->
